<?xml version="1.0" encoding="UTF-8"?>
<!-- Generated by org.testng.reporters.JUnitReportReporter -->
<testsuite skipped="0" hostname="DESKTOP-OROKVGR" name="com.MMP.qa.TestCases.sendMassagePage" tests="1" failures="0" timestamp="08 Apr 2020 01:28:14 GMT" time="20.393" errors="0">
  <testcase name="Testsendmassagefunction" time="20.393" classname="com.MMP.qa.TestCases.sendMassagePage"/>
</testsuite> <!-- com.MMP.qa.TestCases.sendMassagePage -->
